1
Este mensaje siempre se mostrar√°
ZeroDivisionError: division by zero
During handling of the above exception, another exception occurred:
NameError: name 'variable_desconocida' is not defined